[debug] [2025-09-09T03:19:54.734Z] ----------------------------------------------------------------------
[debug] [2025-09-09T03:19:54.738Z] Command:       /Users/jp/.nvm/versions/node/v20.19.2/bin/node /Users/jp/.nvm/versions/node/v20.19.2/bin/firebase init
[debug] [2025-09-09T03:19:54.738Z] CLI Version:   14.15.2
[debug] [2025-09-09T03:19:54.738Z] Platform:      darwin
[debug] [2025-09-09T03:19:54.739Z] Node Version:  v20.19.2
[debug] [2025-09-09T03:19:54.739Z] Time:          Mon Sep 08 2025 23:19:54 GMT-0400 (Eastern Daylight Time)
[debug] [2025-09-09T03:19:54.739Z] ----------------------------------------------------------------------
[debug] 
[debug] [2025-09-09T03:19:54.740Z] >>> [apiv2][query] GET https://firebase-public.firebaseio.com/cli.json [none]
[debug] [2025-09-09T03:19:54.767Z] > command requires scopes: ["email","openid","https://www.googleapis.com/auth/cloudplatformprojects.readonly","https://www.googleapis.com/auth/firebase","https://www.googleapis.com/auth/cloud-platform"]
[debug] [2025-09-09T03:19:54.767Z] > authorizing via signed-in user (jpharris.development@gmail.com)
[info] 
     ######## #### ########  ######## ########     ###     ######  ########
     ##        ##  ##     ## ##       ##     ##  ##   ##  ##       ##
     ######    ##  ########  ######   ########  #########  ######  ######
     ##        ##  ##    ##  ##       ##     ## ##     ##       ## ##
     ##       #### ##     ## ######## ########  ##     ##  ######  ########

You're about to initialize a Firebase project in this directory:

  /Users/jp/Development/jp/projects/happin/happenin-mobile

[debug] [2025-09-09T03:19:54.921Z] <<< [apiv2][status] GET https://firebase-public.firebaseio.com/cli.json 200
[debug] [2025-09-09T03:19:54.922Z] <<< [apiv2][body] GET https://firebase-public.firebaseio.com/cli.json {"cloudBuildErrorAfter":1594252800000,"cloudBuildWarnAfter":1590019200000,"defaultNode10After":1594252800000,"minVersion":"3.0.5","node8DeploysDisabledAfter":1613390400000,"node8RuntimeDisabledAfter":1615809600000,"node8WarnAfter":1600128000000}
[debug] [2025-09-09T03:28:41.869Z] ExitPromptError: User force closed the prompt with SIGINT
    at Interface.sigint (/Users/jp/.nvm/versions/node/v20.19.2/lib/node_modules/firebase-tools/node_modules/@inquirer/core/dist/commonjs/lib/create-prompt.js:101:37)
    at Interface.emit (node:events:524:28)
    at Interface.emit (node:domain:489:12)
    at [_ttyWrite] [as _ttyWrite] (node:internal/readline/interface:1125:18)
    at ReadStream.onkeypress (node:internal/readline/interface:264:20)
    at ReadStream.emit (node:events:536:35)
    at ReadStream.emit (node:domain:489:12)
    at emitKeys (node:internal/readline/utils:371:14)
    at emitKeys.next (<anonymous>)
    at ReadStream.onData (node:internal/readline/emitKeypressEvents:64:36)
[error] 
[error] Error: An unexpected error has occurred.
